<?xml version='1.0' encoding='UTF-8'?>
<osm version="0.6" generator="pbf2osm">
    
    <!--  __B__ 
         /  |  \
        A___D__C
         \  |  /
          \_E_F    
    -->
          
    <node id="10" lat="49.501" lon="11.5001" uid="24853">
        <tag k="name" v="A" />
    </node>
    <node id="20" lat="49.502" lon="11.501" uid="24854">
        <tag k="name" v="B" />
    </node>
    <node id="30" lat="49.5011" lon="11.502" uid="24855">
        <tag k="name" v="C" />
    </node>
    <node id="40" lat="49.5009" lon="11.501" uid="24854">
        <tag k="name" v="D" />
    </node>
    <node id="50" lat="49.5001" lon="11.501">
        <tag k="name" v="E" />
    </node>
    <node id="60" lat="49.5002" lon="11.5015">
        <tag k="name" v="F" />
    </node>
        
    <way id="10" uid="85761">
        <nd ref="10"/>
        <nd ref="20"/>
        <nd ref="30"/>
        <tag k="tmpStr" v="A B C" />
        <tag k="oneway" v="true" />
        <tag k="highway" v="secondary" />
    </way>    
    
    <way id="12" uid="85762">
        <nd ref="10"/>
        <nd ref="40"/>
        <nd ref="30"/>
        <tag k="tmpStr" v="A D C" />
        <tag k="oneway" v="true" />
        <tag k="highway" v="motorway" />      
    </way>
    
    <way id="11" uid="85761">
        <nd ref="10"/>
        <nd ref="50"/>
        <nd ref="60"/>
        <nd ref="30"/>
        <tag k="tmpStr" v="A E F C" />
        <tag k="highway" v="footway"/>
    </way>    
    
    <way id="13">
        <nd ref="20"/>
        <nd ref="40"/>
        <nd ref="50"/>
        <tag k="tmpStr" v="B D E" />
        <tag k="highway" v="motorway" />
        <tag k="maxspeed" v="40" />
    </way>

</osm>