<?xml version='1.0' encoding='UTF-8'?>
<osm version="0.6" generator="pbf2osm">
    <!-- 
       1~~~2
       |\  |
       | 6 3~~8
       |/  |
       5~~~4~~7
       
       
      (2,3)->(3,4): straight_only
      (4,3)->(3,8): no_right_turn
      (4,5)->(5,6): right_turn_only
      (6,1)->(1,5): no_u_turn
    -->
    
   <!-- 
       bike only
       
       10~~11~~12
       |   |   |
       13~~14~~15
       
       
      (10,11)->(11,14): no_right_turn
    -->

    <node id="1" lat="50" lon="10"> </node>
    <node id="2" lat="52" lon="10"> </node>
    <node id="3" lat="52" lon="11"> </node>
    <node id="4" lat="52" lon="12"> </node>
    <node id="5" lat="50" lon="12"> </node>
    <node id="6" lat="51" lon="11"> </node>
    <node id="7" lat="54" lon="12"> </node>
    <node id="8" lat="54" lon="11"> </node>
    <node id="9" lat="54" lon="10"> </node>
    
    <node id="10" lat="40" lon="10"></node>    
    <node id="11" lat="40" lon="11"></node>    
    <node id="12" lat="40" lon="12"></node>
    <node id="13" lat="39" lon="10"></node>
    <node id="14" lat="39" lon="11"></node>
    <node id="15" lat="39" lon="12"></node>    
                      
    <!-- 1-2 -->
    <way id="12">
        <nd ref="1"/>
        <nd ref="2"/>
        <tag k="highway" v="motorway" />
    </way>    
    
    <!-- 2-3 -->
    <way id="23">
        <nd ref="2"/>        
        <nd ref="3"/>
        <tag k="highway" v="motorway" />
    </way>
    
    <!-- 3-4 -->
    <way id="34">
        <nd ref="3"/>     
        <nd ref="4"/>
        <tag k="highway" v="motorway" />
    </way>     
    
    <!-- 4-5 -->
    <way id="45">
        <nd ref="5"/>     
        <nd ref="4"/>
        <tag k="highway" v="motorway" />
    </way>  
    
    <!-- 5-1 -->
    <way id="51">
        <nd ref="1"/>     
        <nd ref="5"/>
        <tag k="highway" v="motorway" />
    </way>
    
    <!-- 5-6 -->
    <way id="56">
        <nd ref="6"/>     
        <nd ref="5"/>
        <tag k="highway" v="motorway" />
    </way>
    
    <!-- 6-1 -->
    <way id="61">
        <nd ref="1"/>     
        <nd ref="6"/>
        <tag k="highway" v="motorway" />
    </way>
    
    <!-- 3-8 -->
    <way id="38">
        <nd ref="3"/>     
        <nd ref="8"/>
        <tag k="highway" v="motorway" />
    </way>
    
    <!-- 3-9 -->
    <way id="39">
        <nd ref="3"/>     
        <nd ref="9"/>
        <tag k="highway" v="motorway" />
    </way>
    
    <!-- 4-7 -->
    <way id="47">
        <nd ref="4"/>     
        <nd ref="7"/>
        <tag k="highway" v="motorway" />
    </way>
    
    <way id="510">
        <nd ref="5"/>     
        <nd ref="10"/>
        <tag k="highway" v="cycleway" />
    </way>
    
    <way id="1011">
        <nd ref="10"/>     
        <nd ref="11"/>
        <tag k="highway" v="cycleway" />
    </way>
    
    <way id="1112">
        <nd ref="11"/>     
        <nd ref="12"/>
        <tag k="highway" v="cycleway" />
    </way>
    
    <way id="1013">
        <nd ref="10"/>     
        <nd ref="13"/>
        <tag k="highway" v="cycleway" />
    </way>
    
    <way id="1114">
        <nd ref="11"/>     
        <nd ref="14"/>
        <tag k="highway" v="cycleway" />
    </way>
    
    <way id="1215">
        <nd ref="12"/>     
        <nd ref="15"/>
        <tag k="highway" v="cycleway" />
    </way>
    
    <way id="1314">
        <nd ref="13"/>     
        <nd ref="14"/>
        <tag k="highway" v="cycleway" />
    </way>
    
    <way id="1415">
        <nd ref="14"/>     
        <nd ref="15"/>
        <tag k="highway" v="cycleway" />
    </way>
        
    <relation id="1001">
        <member type="way" ref="23" role="from"/>
        <member type="way" ref="34" role="to"/>
        <member type="node" ref="3" role="via"/>
        <tag k="restriction" v="only_straight_on"/>
        <tag k="type" v="restriction"/>
    </relation>
        
    <relation id="1002">
        <member type="way" ref="34" role="from"/>
        <member type="way" ref="38" role="to"/>
        <member type="node" ref="3" role="via"/>
        <tag k="restriction" v="no_right_turn"/>
        <tag k="type" v="restriction"/>
    </relation>
    
    <relation id="1003">
        <member type="way" ref="45" role="from"/>
        <member type="way" ref="56" role="to"/>
        <member type="node" ref="5" role="via"/>
        <tag k="restriction" v="only_right_turn"/>
        <tag k="type" v="restriction"/>
    </relation>
    
    <relation id="1004">
        <member type="way" ref="61" role="from"/>
        <member type="way" ref="51" role="to"/>
        <member type="node" ref="1" role="via"/>
        <tag k="restriction" v="no_u_turn"/>
        <tag k="type" v="restriction"/>
    </relation>
    
    <relation id="1005">
        <member type="way" ref="1011" role="from"/>
        <member type="way" ref="1114" role="to"/>
        <member type="node" ref="11" role="via"/>
        <tag k="restriction" v="no_right_turn"/>
        <tag k="type" v="restriction"/>
    </relation>
    
</osm>
