<?xml version='1.0' encoding='UTF-8'?>
<osm version="0.6" generator="pbf2osm">
    <!-- 
       1~~~2
       |   |
       |   3
       |   |
       5~~~4
       
       
      (1,2)->(2,3): no_right_turn
      (3,4)->(4,5): no_right_turn
      (4,5)->(5,1): no_right_turn
      (5,1)->(1,2): no_right_turn
    -->

    <node id="1" lat="50" lon="10"> </node>
    <node id="2" lat="52" lon="10"> </node>
    <node id="3" lat="52" lon="11"> </node>
    <node id="4" lat="52" lon="12"> </node>
    <node id="5" lat="50" lon="12"> </node>
                      
    <!-- 1-2 -->
    <way id="12">
        <nd ref="1"/>
        <nd ref="2"/>
        <tag k="highway" v="motorway" />
    </way>    
    
    <!-- 2-3 -->
    <way id="23">
        <nd ref="2"/>        
        <nd ref="3"/>
        <tag k="highway" v="motorway" />
    </way>
    
    <!-- 3-4 -->
    <way id="34">
        <nd ref="3"/>     
        <nd ref="4"/>
        <tag k="highway" v="motorway" />
    </way>     
    
    <!-- 4-5 -->
    <way id="45">
        <nd ref="5"/>     
        <nd ref="4"/>
        <tag k="highway" v="motorway" />
    </way>  
    
    <!-- 5-1 -->
    <way id="51">
        <nd ref="1"/>     
        <nd ref="5"/>
        <tag k="highway" v="motorway" />
    </way>
        
    <relation id="1001">
        <member type="way" ref="12" role="from"/>
        <member type="way" ref="23" role="to"/>
        <member type="node" ref="2" role="via"/>
        <tag k="restriction:motorcar" v="no_right_turn"/>
		<tag k="restriction:bus" v="no_right_turn"/>
        <tag k="type" v="restriction"/>
    </relation>
    
    <relation id="1002">
        <member type="way" ref="34" role="from"/>
        <member type="way" ref="45" role="to"/>
        <member type="node" ref="4" role="via"/>
        <tag k="restriction:motorcycle" v="no_right_turn"/>
		<tag k="restriction:motorcar" v="no_right_turn"/>
        <tag k="type" v="restriction"/>
    </relation>

    <relation id="1003">
        <member type="way" ref="45" role="from"/>
        <member type="way" ref="51" role="to"/>
        <member type="node" ref="5" role="via"/>
        <tag k="restriction:bus" v="no_right_turn"/>
        <tag k="restriction:psv" v="no_right_turn"/>
        <tag k="type" v="restriction"/>
        <tag k="except" v="motorcar;bicycle"/>
    </relation>
    
    <relation id="1004">
        <member type="way" ref="51" role="from"/>
        <member type="way" ref="12" role="to"/>
        <member type="node" ref="1" role="via"/>
        <tag k="restriction:motorcar" v="no_right_turn"/>
		<tag k="restriction:motorcycle" v="no_right_turn"/>
        <tag k="type" v="restriction"/>
		<tag k="except" v="bus;bicycle"/>
    </relation>
    
</osm>
