<?xml version='1.0' encoding='UTF-8'?>
<osm version="0.6" generator="pbf2osm">
    <!--
          3
          |
       2~~1~~4
       
      (2,1)->(1,3): no_left_turn for car only (truck is implicit)
      (3,1)->(1,4): no_left_turn for bike only
      (1,4)->(1,3): no_right_turn for truck only

    -->

    <node id="1" lat="50" lon="11"> </node>
    <node id="2" lat="50" lon="10"> </node>
    <node id="3" lat="52" lon="11"> </node>
    <node id="4" lat="50" lon="12"> </node>

    <!-- 1-2 -->
    <way id="12">
        <nd ref="1"/>
        <nd ref="2"/>
        <tag k="highway" v="primary" />
    </way>

    <!-- 1-3 -->
    <way id="13">
        <nd ref="1"/>
        <nd ref="3"/>
        <tag k="highway" v="primary" />
    </way>

    <!-- 1-4 -->
    <way id="14">
        <nd ref="1"/>
        <nd ref="4"/>
        <tag k="highway" v="primary" />
    </way>

    <relation id="1001">
        <member type="way" ref="12" role="from"/>
        <member type="way" ref="13" role="to"/>
        <member type="node" ref="1" role="via"/>
        <tag k="restriction:motor_vehicle" v="no_left_turn"/>
        <tag k="type" v="restriction"/>
    </relation>

    <relation id="1002">
        <member type="way" ref="13" role="from"/>
        <member type="way" ref="14" role="to"/>
        <member type="node" ref="1" role="via"/>
        <tag k="restriction:bicycle" v="no_left_turn"/>
        <tag k="type" v="restriction"/>
    </relation>

    <relation id="1003">
        <member type="way" ref="14" role="from"/>
        <member type="way" ref="13" role="to"/>
        <member type="node" ref="1" role="via"/>
        <tag k="restriction:hgv" v="no_right_turn"/>
        <tag k="type" v="restriction"/>
    </relation>

</osm>
