<?xml version='1.0' encoding='UTF-8'?>
<osm version="0.6" generator="pbf2osm">
    <node id="10" lat="51" lon="9.4317166" version="1">
        <tag k="name" v="Wiesbaden-Naurod"/>
    </node>
    <node id="20" lat="52" lon="9.4" version="1">
        <tag k="barrier" v="gate"/>
    </node>
    <node id="30" lat="53" lon="9.4" version="1">
    </node>
    <node id="40" lat="54" lon="9.4" version="1">
    </node>

    <!--     barrier on tower node -->
    <node id="50" lat="55" lon="9.4" version="1">
        <tag k="barrier" v="gate"/>
    </node>
    <node id="60" lat="56" lon="9.4" version="1">
    </node>
    <node id="70" lat="57" lon="9.4" version="1">
    </node>
    <node id="80" lat="58" lon="9.4" version="1">
    </node>

    <!-- 10-20|-30- - 50|-..         
         |       |     |
         40- - -/      ..
    -->
    <way id="10" version="1">
        <nd ref="10"/>
        <!-- this pillar node has a barrier -->
        <nd ref="20"/>
        <nd ref="30"/>
        <tag k="highway" v="motorway"/>
    </way>

    <way id="20" version="1">
        <nd ref="10"/>
        <nd ref="40"/>
        <nd ref="30"/>
        <tag k="highway" v="motorway"/>
    </way>

    <way id="30" version="1">
        <!-- this tower node has a barrier -->
        <nd ref="50"/>
        <nd ref="60"/>
        <tag k="highway" v="motorway"/>
    </way>

    <way id="40" version="1">
        <nd ref="50"/>
        <nd ref="70"/>
        <nd ref="80"/>
        <tag k="highway" v="motorway"/>
    </way>

    <way id="50" version="1">
        <nd ref="50"/>
        <nd ref="30"/>
        <tag k="highway" v="motorway"/>
    </way>
</osm>
