<?xml version='1.0' encoding='UTF-8'?>
<osm version="0.6" generator="pbf2osm">
    <!-- 
       1~~~2
       |\  |
       | 6 3~~8
       |/  |
       5~~~4~~7
       
       
      (2,3)->(3,4): only_straight_on
      (4,3)->(3,8): no_right_turn
      (4,5)->(5,6): right_turn_only
      (6,1)->(1,6): no_u_turn
    -->

    <node id="1" lat="50" lon="10" version="1"></node>
    <node id="2" lat="52" lon="10" version="1"></node>
    <node id="3" lat="52" lon="11" version="1"></node>
    <node id="4" lat="52" lon="12" version="1"></node>
    <node id="5" lat="50" lon="12" version="1"></node>
    <node id="6" lat="51" lon="11" version="1"></node>
    <node id="7" lat="54" lon="12" version="1"></node>
    <node id="8" lat="54" lon="11" version="1"></node>

    <!-- 1-2 -->
    <way id="12" version="1">
        <nd ref="1"/>
        <nd ref="2"/>
        <tag k="highway" v="motorway"/>
    </way>

    <!-- 2-3 -->
    <way id="23" version="1">
        <nd ref="2"/>
        <nd ref="3"/>
        <tag k="highway" v="motorway"/>
    </way>

    <!-- 3-4 -->
    <way id="34" version="1">
        <nd ref="3"/>
        <nd ref="4"/>
        <tag k="highway" v="motorway"/>
    </way>

    <!-- 4-5 -->
    <way id="45" version="1">
        <nd ref="5"/>
        <nd ref="4"/>
        <tag k="highway" v="motorway"/>
    </way>

    <!-- 5-1 -->
    <way id="51" version="1">
        <nd ref="1"/>
        <nd ref="5"/>
        <tag k="highway" v="motorway"/>
    </way>

    <!-- 5-6 -->
    <way id="56" version="1">
        <nd ref="6"/>
        <nd ref="5"/>
        <tag k="highway" v="motorway"/>
    </way>

    <!-- 6-1 -->
    <way id="61" version="1">
        <nd ref="1"/>
        <nd ref="6"/>
        <tag k="highway" v="motorway"/>
    </way>

    <!-- 3-8 -->
    <way id="38" version="1">
        <nd ref="3"/>
        <nd ref="8"/>
        <tag k="highway" v="motorway"/>
    </way>

    <!-- 4-7 -->
    <way id="47" version="1">
        <nd ref="4"/>
        <nd ref="7"/>
        <tag k="highway" v="motorway"/>
    </way>

    <way id="510" version="1">
        <nd ref="5"/>
        <nd ref="10"/>
        <tag k="highway" v="cycleway"/>
    </way>

    <relation id="1001" version="1">
        <member type="way" ref="23" role="from"/>
        <member type="way" ref="34" role="to"/>
        <member type="node" ref="3" role="via"/>
        <tag k="restriction" v="only_straight_on"/>
        <tag k="type" v="restriction"/>
        <tag k="except" v="bicycle"/>
    </relation>

    <relation id="1002" version="1">
        <member type="way" ref="34" role="from"/>
        <member type="way" ref="38" role="to"/>
        <member type="node" ref="3" role="via"/>
        <tag k="restriction:motorcar" v="no_right_turn"/>
        <tag k="type" v="restriction"/>
    </relation>

    <relation id="1003" version="1">
        <member type="way" ref="45" role="from"/>
        <member type="way" ref="56" role="to"/>
        <member type="node" ref="5" role="via"/>
        <tag k="restriction:motorcar" v="only_right_turn"/>
        <tag k="type" v="restriction"/>
    </relation>

    <relation id="1004" version="1">
        <member type="way" ref="61" role="from"/>
        <member type="way" ref="61" role="to"/>
        <member type="node" ref="1" role="via"/>
        <tag k="restriction" v="no_u_turn"/>
        <tag k="type" v="restriction"/>
        <tag k="except" v="bus;bicycle"/>
    </relation>

</osm>
