<?xml version='1.0' encoding='UTF-8'?>
<osm version="0.6" generator="handycrafted">
    <node id="10" lat="51.2492152" lon="9.4317166" version="24853">
        <tag k="name" v="Wiesbaden-Naurod"/>
        <tag k="my_elevation" v="42"/>
    </node>
    <node id="20" lat="51.3" lon="9.42" version="24855">
        <tag k="name" v="Somewhere"/>
        <tag k="my_elevation" v="25"/>
    </node>
    <node id="30" lat="51.2" lon="9.4" version="24855">
        <tag k="name" v="Dresden"/>
        <tag k="my_elevation" v="66"/>
    </node>

    <way id="10" version="85761">
        <nd ref="10"/>
        <nd ref="20"/>
        <nd ref="30"/>
        <tag k="highway" v="motorway"/>
    </way>
</osm>
