<?xml version='1.0' encoding='UTF-8'?>
<osm version="0.6" generator="pbf2osm" Unknown="foo" osmosis_replication_timestamp="2014-01-02T01:10:14Z">
    <bounds minlat='48.1229605' minlon='16.2512684' maxlat='48.1267991' maxlon='16.2578773' origin='CGImap 0.0.2'/>
    <node id="10" lat="51.99" lon="9.01" uid="24853" visible='true' version='1' changeset='13931280'
          timestamp="2015-08-13T03:16:31Z">
        <tag k="is_in" v="Wiesbaden,Hessen,Germany,Europe"/>
        <tag k="name" v="Wiesbaden-Naurod"/>
        <tag k="place" v="village"/>
    </node>
    <node id="20" lat="52.0" lon="9" uid="24854" visible='true' version='1' changeset='13931280'
          timestamp="2015-08-13T03:16:31Z">
        <tag k="name" v="Halbendorf-Spree"/>
    </node>
    <node id="30" lat="52.1" lon="9.2" uid="24854" visible='true' version='1' changeset='13931280'
          timestamp="2015-08-13T03:16:31Z">
        <tag k="name" v="Halbendorf-Spree"/>
    </node>

    <way id="40" uid="85761" visible='true' version='1' changeset='13931280' timestamp="2015-08-13T03:16:31Z">
        <!-- 0-1, 1-2 -->
        <nd ref="10"/>
        <nd ref="20"/>
        <nd ref="30"/>
        <tag k="oneway" v="true"/>
        <tag k="highway" v="motorway"/>
    </way>

    <relation id='55' timestamp='2014-12-28T11:36:22Z' uid='161619' user='FvGordon' visible='true' version='225'
              changeset='27751119'>
        <member type='node' ref='10'/>
        <member type='way' ref='40' role='inner'/>
        <tag k='landcover' v='trees'/>
        <tag k='landuse' v='forest'/>
        <tag k='name' v='TestRelation'/>
        <tag k='type' v='multipolygon'/>
    </relation>

</osm>
