<?xml version='1.0' encoding='UTF-8'?>
<osm version="0.6" generator="CGImap 0.8.6 (1548854 spike-06.openstreetmap.org)"
     copyright="OpenStreetMap and contributors" attribution="http://www.openstreetmap.org/copyright"
     license="http://opendatacommons.org/licenses/odbl/1-0/">
    <node id="247304752" version="7" lat="43.8997325" lon="22.8155167"/>
    <node id="247412197" version="5" lat="43.8284013" lon="22.8842722"/>
    <node id="247412218" version="6" lat="43.8263140" lon="22.8922784"/>
    <node id="247412225" version="5" lat="43.8285011" lon="22.8838528"/>
    <node id="247412243" version="6" lat="43.8260760" lon="22.8933111"/>
    <node id="247412244" version="5" lat="43.8286992" lon="22.8832802"/>
    <node id="247412245" version="6" lat="43.8262675" lon="22.8926647"/>
    <node id="247412247" version="4" lat="43.8284203" lon="22.8847461"/>
    <node id="247412278" version="6" lat="43.8304003" lon="22.8765597"/>
    <node id="247412284" version="5" lat="43.8301236" lon="22.8773522"/>
    <node id="247412286" version="5" lat="43.8295361" lon="22.8793004"/>
    <node id="247412292" version="5" lat="43.8297616" lon="22.8784201"/>
    <node id="247412293" version="6" lat="43.8467573" lon="22.8474751"/>
    <node id="247412431" version="5" lat="43.8391925" lon="22.8591124"/>
    <node id="247412438" version="5" lat="43.8393936" lon="22.8587403"/>
    <node id="247412441" version="5" lat="43.8401167" lon="22.8571036"/>
    <node id="247412442" version="5" lat="43.8389686" lon="22.8594573"/>
    <node id="247412447" version="6" lat="43.8468268" lon="22.8474070"/>
    <node id="247412448" version="5" lat="43.8292767" lon="22.8814089"/>
    <node id="247412449" version="6" lat="43.8499575" lon="22.8436805"/>
    <node id="247412455" version="6" lat="43.8470406" lon="22.8469826"/>
    <node id="247412457" version="5" lat="43.8294333" lon="22.8803445"/>
    <node id="247412460" version="6" lat="43.8307331" lon="22.8757875"/>
    <node id="247412462" version="5" lat="43.8319879" lon="22.8720611"/>
    <node id="247412463" version="5" lat="43.8457723" lon="22.8484223"/>
    <node id="247412464" version="5" lat="43.8291369" lon="22.8818411"/>
    <node id="247412468" version="5" lat="43.8476923" lon="22.8454948"/>
    <node id="247412469" version="6" lat="43.8464482" lon="22.8477617"/>
    <node id="247412470" version="6" lat="43.8491734" lon="22.8443575"/>
    <node id="247412471" version="5" lat="43.8449400" lon="22.8490535"/>
    <node id="247412472" version="6" lat="43.8474232" lon="22.8457253"/>
    <node id="247412474" version="6" lat="43.8442887" lon="22.8497651"/>
    <node id="247412475" version="5" lat="43.8452757" lon="22.8488154"/>
    <node id="247412476" version="6" lat="43.8429558" lon="22.8519547"/>
    <node id="247412477" version="6" lat="43.8445712" lon="22.8493683"/>
    <node id="247412478" version="6" lat="43.8409116" lon="22.8553261"/>
    <node id="247412488" version="5" lat="43.8324335" lon="22.8709246"/>
    <node id="247412494" version="6" lat="43.8654823" lon="22.8330960"/>
    <node id="247412497" version="5" lat="43.8742709" lon="22.8274791"/>
    <node id="247412498" version="5" lat="43.8725078" lon="22.8280178"/>
    <node id="247412499" version="5" lat="43.8734792" lon="22.8278203"/>
    <node id="247412501" version="5" lat="43.8293366" lon="22.8811258"/>
    <node id="247412502" version="5" lat="43.8749325" lon="22.8271394"/>
    <node id="247412504" version="5" lat="43.8339119" lon="22.8676588"/>
    <node id="247412505" version="5" lat="43.8328947" lon="22.8698224"/>
    <node id="247412507" version="5" lat="43.8344757" lon="22.8665984"/>
    <node id="247412508" version="5" lat="43.8373383" lon="22.8616808"/>
    <node id="247412510" version="6" lat="43.8684278" lon="22.8307150"/>
    <node id="247412511" version="6" lat="43.8689286" lon="22.8303560"/>
    <node id="247412513" version="5" lat="43.8673126" lon="22.8317105"/>
    <node id="247412514" version="5" lat="43.8395371" lon="22.8584220"/>
    <node id="247412517" version="6" lat="43.8314412" lon="22.8735740"/>
    <node id="247412519" version="6" lat="43.8540899" lon="22.8414570"/>
    <node id="247412523" version="6" lat="43.8556000" lon="22.8403381"/>
    <node id="247412524" version="5" lat="43.8757605" lon="22.8268826"/>
    <node id="247412526" version="5" lat="43.8785479" lon="22.8264534"/>
    <node id="247412530" version="5" lat="43.8833875" lon="22.8265740"/>
    <node id="247412531" version="5" lat="43.8704004" lon="22.8293142"/>
    <node id="247412532" version="6" lat="43.8700479" lon="22.8297448"/>
    <node id="247412535" version="6" lat="43.8514809" lon="22.8432199"/>
    <node id="247412537" version="5" lat="43.8519720" lon="22.8430375"/>
    <node id="247412538" version="5" lat="43.8506788" lon="22.8434444"/>
    <node id="247412543" version="5" lat="43.8365796" lon="22.8625818"/>
    <node id="247412545" version="6" lat="43.8641243" lon="22.8337473"/>
    <node id="247412546" version="6" lat="43.8695133" lon="22.8301190"/>
    <node id="247412547" version="5" lat="43.8359069" lon="22.8638297"/>
    <node id="247412548" version="5" lat="43.8665048" lon="22.8324313"/>
    <node id="247412564" version="5" lat="43.8335176" lon="22.8684692"/>
    <node id="247412571" version="6" lat="43.8618195" lon="22.8354097"/>
    <node id="247412575" version="6" lat="43.8616246" lon="22.8355656"/>
    <node id="247412577" version="5" lat="43.8382279" lon="22.8604797"/>
    <node id="247412578" version="5" lat="43.8363240" lon="22.8630405"/>
    <node id="247412588" version="5" lat="43.8217140" lon="22.9040005"/>
    <node id="247412592" version="5" lat="43.8597176" lon="22.8373214"/>
    <node id="247412593" version="6" lat="43.8584513" lon="22.8380771"/>
    <node id="247412595" version="6" lat="43.8582139" lon="22.8383487"/>
    <node id="247412596" version="5" lat="43.8576940" lon="22.8391128"/>
    <node id="247412694" version="6" lat="43.8177166" lon="22.9137455"/>
    <node id="247412695" version="5" lat="43.8174636" lon="22.9140707"/>
    <node id="247412710" version="5" lat="43.8170943" lon="22.9144063"/>
    <node id="247412727" version="5" lat="43.8827819" lon="22.8266097"/>
    <node id="247412734" version="6" lat="43.8178794" lon="22.9133485"/>
    <node id="247412735" version="6" lat="43.8138048" lon="22.9168540"/>
    <node id="247412745" version="6" lat="43.8176051" lon="22.9139440"/>
    <node id="247412746" version="5" lat="43.8813860" lon="22.8266699"/>
    <node id="247412752" version="6" lat="43.8134561" lon="22.9171591"/>
    <node id="247412753" version="5" lat="43.8162644" lon="22.9153281"/>
    <node id="247412754" version="6" lat="43.8158865" lon="22.9155852"/>
    <node id="247412755" version="5" lat="43.8131284" lon="22.9176081"/>
    <node id="247412756" version="6" lat="43.8888866" lon="22.8277469"/>
    <node id="247412759" version="6" lat="43.8881408" lon="22.8276430"/>
    <node id="247412763" version="6" lat="43.8268112" lon="22.8899816"/>
    <node id="247412764" version="6" lat="43.8263362" lon="22.8910406"/>
    <node id="247412769" version="5" lat="43.8281355" lon="22.8867418"/>
    <node id="247412770" version="6" lat="43.8126388" lon="22.9179602"/>
    <node id="247412772" version="6" lat="43.8571891" lon="22.8394128"/>
    <node id="247412773" version="6" lat="43.8877470" lon="22.8275951"/>
    <node id="247412778" version="5" lat="43.8278611" lon="22.8877616"/>
    <node id="247412780" version="5" lat="43.8852291" lon="22.8270234"/>
    <node id="247412781" version="6" lat="43.8132890" lon="22.9173882"/>
    <node id="247412785" version="6" lat="43.8270758" lon="22.8895385"/>
    <node id="247412786" version="5" lat="43.8265356" lon="22.8905176"/>
    <node id="247412788" version="5" lat="43.8272944" lon="22.8891394"/>
    <node id="247412789" version="5" lat="43.8283135" lon="22.8860642"/>
    <node id="247412790" version="5" lat="43.8264030" lon="22.8908113"/>
    <node id="247412791" version="6" lat="43.8263140" lon="22.8912471"/>
    <node id="247412797" version="5" lat="43.8288850" lon="22.8826564"/>
    <node id="247412798" version="6" lat="43.8240852" lon="22.8980163"/>
    <node id="247412799" version="7" lat="43.8196235" lon="22.9091268"/>
    <node id="247412803" version="5" lat="43.8129334" lon="22.9177902"/>
    <node id="247412805" version="5" lat="43.8165214" lon="22.9151001"/>
    <node id="247412812" version="4" lat="43.8284512" lon="22.8852447"/>
    <node id="247412815" version="5" lat="43.8284000" lon="22.8857770"/>
    <node id="247412840" version="6" lat="43.8638100" lon="22.8340152"/>
    <node id="247412845" version="6" lat="43.8602332" lon="22.8369295"/>
    <node id="247412846" version="5" lat="43.8246906" lon="22.8966180"/>
    <node id="247412852" version="6" lat="43.8627274" lon="22.8349713"/>
    <node id="247412916" version="5" lat="43.8974346" lon="22.8266371"/>
    <node id="247412917" version="5" lat="43.8972359" lon="22.8270284"/>
    <node id="247412918" version="5" lat="43.8948920" lon="22.8286173"/>
    <node id="247412920" version="5" lat="43.8923651" lon="22.8285211"/>
    <node id="247412921" version="5" lat="43.8970959" lon="22.8271904"/>
    <node id="247412922" version="4" lat="43.8975744" lon="22.8252219"/>
    <node id="247412923" version="5" lat="43.8975402" lon="22.8260344"/>
    <node id="247412924" version="5" lat="43.8945625" lon="22.8287451"/>
    <node id="247412925" version="5" lat="43.8968171" lon="22.8273952"/>
    <node id="247412927" version="5" lat="43.8970020" lon="22.8272735"/>
    <node id="247412928" version="5" lat="43.8938906" lon="22.8287533"/>
    <node id="247412929" version="6" lat="43.8909382" lon="22.8282194"/>
    <node id="247412932" version="5" lat="43.8943630" lon="22.8287734"/>
    <node id="247412934" version="5" lat="43.8940365" lon="22.8287671"/>
    <node id="247412935" version="5" lat="43.8947372" lon="22.8286936"/>
    <node id="247412944" version="4" lat="43.8976762" lon="22.8238491"/>
    <node id="247412945" version="3" lat="43.8976230" lon="22.8244750"/>
    <node id="247412950" version="5" lat="43.8979717" lon="22.8216681"/>
    <node id="247412994" version="5" lat="43.8973477" lon="22.8268411"/>
    <node id="247413398" version="5" lat="43.8978301" lon="22.8224015"/>
    <node id="247413403" version="5" lat="43.8977390" lon="22.8230472"/>
    <node id="247413405" version="6" lat="43.8982578" lon="22.8205556"/>
    <node id="301367579" version="8" lat="43.8168199" lon="22.9147407"/>
    <node id="1219824081" version="3" lat="43.8150324" lon="22.9160994"/>
    <node id="1219827019" version="3" lat="43.8156208" lon="22.9157424"/>
    <node id="1244202309" version="3" lat="43.8275983" lon="22.8883886"/>
    <node id="1244202912" version="2" lat="43.8365017" lon="22.8627195"/>
    <node id="1244203186" version="2" lat="43.8274737" lon="22.8887032"/>
    <node id="1244203310" version="3" lat="43.8252816" lon="22.8952396"/>
    <node id="1244203826" version="2" lat="43.8243334" lon="22.8974071"/>
    <node id="1282560756" version="1" lat="43.8710726" lon="22.8285016"/>
    <node id="1282560760" version="1" lat="43.8706669" lon="22.8289337"/>
    <node id="1282560763" version="1" lat="43.8716521" lon="22.8282806"/>
    <node id="1282560768" version="1" lat="43.8708770" lon="22.8286725"/>
    <node id="1650033328" version="1" lat="43.8575843" lon="22.8392104"/>
    <node id="1650033329" version="1" lat="43.8578105" lon="22.8389733"/>
    <node id="1650033330" version="1" lat="43.8583283" lon="22.8382030"/>
    <node id="1650033331" version="1" lat="43.8599896" lon="22.8371399"/>
    <node id="1650033332" version="1" lat="43.8620558" lon="22.8352703"/>
    <node id="1650033333" version="1" lat="43.8629070" lon="22.8348488"/>
    <node id="1650033334" version="1" lat="43.8631825" lon="22.8346147"/>
    <node id="1650033336" version="1" lat="43.8640070" lon="22.8338334"/>
    <node id="1650033340" version="1" lat="43.8686293" lon="22.8305433"/>
    <node id="1650033341" version="1" lat="43.8698020" lon="22.8299419"/>
    <node id="3334213389" version="2" lat="43.8507354" lon="22.8434281"/>
    <node id="3334213394" version="2" lat="43.8509793" lon="22.8433560"/>
    <node id="3334213541" version="2" lat="43.8541981" lon="22.8413827"/>
    <node id="3334213694" version="2" lat="43.8557035" lon="22.8402677"/>
    <node id="3334213894" version="1" lat="43.8581376" lon="22.8384668"/>
    <node id="3373089921" version="1" lat="43.8879982" lon="22.8276257"/>
    <node id="6603624502" version="1" lat="43.8392833" lon="22.8589560"/>
    <node id="6603624503" version="1" lat="43.8407381" lon="22.8556904"/>
    <node id="6603624504" version="1" lat="43.8405185" lon="22.8561987"/>
    <node id="6603624505" version="1" lat="43.8410322" lon="22.8551097"/>
    <node id="6603624506" version="1" lat="43.8411444" lon="22.8549220"/>
    <node id="6603624507" version="1" lat="43.8419056" lon="22.8536694"/>
    <node id="6603624508" version="1" lat="43.8432927" lon="22.8514155"/>
    <node id="6603624509" version="1" lat="43.8436132" lon="22.8508883"/>
    <node id="6603624510" version="1" lat="43.8444309" lon="22.8495552"/>
    <node id="6603624515" version="1" lat="43.8366592" lon="22.8624677"/>
    <node id="6603624516" version="1" lat="43.8367335" lon="22.8623849"/>
    <node id="6603624517" version="1" lat="43.8368408" lon="22.8622836"/>
    <node id="6603624518" version="1" lat="43.8369675" lon="22.8621585"/>
    <node id="6603624519" version="1" lat="43.8370894" lon="22.8620132"/>
    <node id="6603624522" version="1" lat="43.8326630" lon="22.8703601"/>
    <node id="6603624523" version="1" lat="43.8331482" lon="22.8692403"/>
    <node id="6760629866" version="1" lat="43.8469062" lon="22.8472991"/>
    <node id="6760629867" version="1" lat="43.8469730" lon="22.8471838"/>
    <node id="6760629868" version="1" lat="43.8473299" lon="22.8458896"/>
    <node id="6760629869" version="1" lat="43.8472486" lon="22.8461002"/>
    <node id="6760629870" version="1" lat="43.8497817" lon="22.8437933"/>
    <node id="6760629881" version="1" lat="43.8564650" lon="22.8398040"/>
    <node id="6760654486" version="1" lat="43.8517886" lon="22.8431208"/>
    <node id="6778283064" version="1" lat="43.8228230" lon="22.9012244"/>
    <node id="6778283065" version="2" lat="43.8206588" lon="22.9066062"/>
    <node id="6778283066" version="2" lat="43.8190068" lon="22.9106314"/>
    <node id="6778283067" version="1" lat="43.8172594" lon="22.9142270"/>
    <node id="6778383869" version="1" lat="43.8185658" lon="22.9116944"/>
    <node id="6778383870" version="1" lat="43.8261872" lon="22.8929852"/>
    <node id="6778383871" version="1" lat="43.8284549" lon="22.8855370"/>
    <node id="8430134850" version="1" lat="43.8138603" lon="22.9168199"/>
    <way id="27448002" version="27">
        <nd ref="247304752"/>
        <nd ref="247413405"/>
        <nd ref="247412950"/>
        <nd ref="247413398"/>
        <nd ref="247413403"/>
        <nd ref="247412944"/>
        <nd ref="247412945"/>
        <nd ref="247412922"/>
        <nd ref="247412923"/>
        <nd ref="247412916"/>
        <nd ref="247412994"/>
        <nd ref="247412917"/>
        <nd ref="247412921"/>
        <nd ref="247412927"/>
        <nd ref="247412925"/>
        <nd ref="247412918"/>
        <nd ref="247412935"/>
        <nd ref="247412924"/>
        <nd ref="247412932"/>
        <nd ref="247412934"/>
        <nd ref="247412928"/>
        <nd ref="247412920"/>
        <nd ref="247412929"/>
        <nd ref="247412756"/>
        <nd ref="247412759"/>
        <nd ref="3373089921"/>
        <nd ref="247412773"/>
        <nd ref="247412780"/>
        <nd ref="247412530"/>
        <nd ref="247412727"/>
        <nd ref="247412746"/>
        <nd ref="247412526"/>
        <nd ref="247412524"/>
        <nd ref="247412502"/>
        <nd ref="247412497"/>
        <nd ref="247412499"/>
        <nd ref="247412498"/>
        <nd ref="1282560763"/>
        <nd ref="1282560756"/>
        <nd ref="1282560768"/>
        <nd ref="1282560760"/>
        <nd ref="247412531"/>
        <nd ref="247412532"/>
        <nd ref="1650033341"/>
        <nd ref="247412546"/>
        <nd ref="247412511"/>
        <nd ref="1650033340"/>
        <nd ref="247412510"/>
        <nd ref="247412513"/>
        <nd ref="247412548"/>
        <nd ref="247412494"/>
        <nd ref="247412545"/>
        <nd ref="1650033336"/>
        <nd ref="247412840"/>
        <nd ref="1650033334"/>
        <nd ref="1650033333"/>
        <nd ref="247412852"/>
        <nd ref="1650033332"/>
        <nd ref="247412571"/>
        <nd ref="247412575"/>
        <nd ref="247412845"/>
        <nd ref="1650033331"/>
        <nd ref="247412592"/>
        <nd ref="247412593"/>
        <nd ref="1650033330"/>
        <nd ref="247412595"/>
        <nd ref="3334213894"/>
        <nd ref="1650033329"/>
        <nd ref="247412596"/>
        <nd ref="1650033328"/>
        <nd ref="247412772"/>
        <nd ref="6760629881"/>
        <nd ref="3334213694"/>
        <nd ref="247412523"/>
        <nd ref="3334213541"/>
        <nd ref="247412519"/>
        <nd ref="247412537"/>
        <nd ref="6760654486"/>
        <nd ref="247412535"/>
        <nd ref="3334213394"/>
        <nd ref="3334213389"/>
        <nd ref="247412538"/>
        <nd ref="247412449"/>
        <nd ref="6760629870"/>
        <nd ref="247412470"/>
        <nd ref="247412468"/>
        <nd ref="247412472"/>
        <nd ref="6760629868"/>
        <nd ref="6760629869"/>
        <nd ref="247412455"/>
        <nd ref="6760629867"/>
        <nd ref="6760629866"/>
        <nd ref="247412447"/>
        <nd ref="247412293"/>
        <nd ref="247412469"/>
        <nd ref="247412463"/>
        <nd ref="247412475"/>
        <nd ref="247412471"/>
        <nd ref="247412477"/>
        <nd ref="6603624510"/>
        <nd ref="247412474"/>
        <nd ref="6603624509"/>
        <nd ref="6603624508"/>
        <nd ref="247412476"/>
        <nd ref="6603624507"/>
        <nd ref="6603624506"/>
        <nd ref="6603624505"/>
        <nd ref="247412478"/>
        <nd ref="6603624503"/>
        <nd ref="6603624504"/>
        <nd ref="247412441"/>
        <nd ref="247412514"/>
        <nd ref="247412438"/>
        <nd ref="6603624502"/>
        <nd ref="247412431"/>
        <nd ref="247412442"/>
        <nd ref="247412577"/>
        <nd ref="247412508"/>
        <nd ref="6603624519"/>
        <nd ref="6603624518"/>
        <nd ref="6603624517"/>
        <nd ref="6603624516"/>
        <nd ref="6603624515"/>
        <nd ref="247412543"/>
        <nd ref="1244202912"/>
        <nd ref="247412578"/>
        <nd ref="247412547"/>
        <nd ref="247412507"/>
        <nd ref="247412504"/>
        <nd ref="247412564"/>
        <nd ref="6603624523"/>
        <nd ref="247412505"/>
        <nd ref="6603624522"/>
        <nd ref="247412488"/>
        <nd ref="247412462"/>
        <nd ref="247412517"/>
        <nd ref="247412460"/>
        <nd ref="247412278"/>
        <nd ref="247412284"/>
        <nd ref="247412292"/>
        <nd ref="247412286"/>
        <nd ref="247412457"/>
        <nd ref="247412501"/>
        <nd ref="247412448"/>
        <nd ref="247412464"/>
        <nd ref="247412797"/>
        <nd ref="247412244"/>
        <nd ref="247412225"/>
        <nd ref="247412197"/>
        <nd ref="247412247"/>
        <nd ref="247412812"/>
        <nd ref="6778383871"/>
        <nd ref="247412815"/>
        <nd ref="247412789"/>
        <nd ref="247412769"/>
        <nd ref="247412778"/>
        <nd ref="1244202309"/>
        <nd ref="1244203186"/>
        <nd ref="247412788"/>
        <nd ref="247412785"/>
        <nd ref="247412763"/>
        <nd ref="247412786"/>
        <nd ref="247412790"/>
        <nd ref="247412764"/>
        <nd ref="247412791"/>
        <nd ref="247412218"/>
        <nd ref="247412245"/>
        <nd ref="6778383870"/>
        <nd ref="247412243"/>
        <nd ref="1244203310"/>
        <nd ref="247412846"/>
        <nd ref="1244203826"/>
        <nd ref="247412798"/>
        <nd ref="6778283064"/>
        <nd ref="247412588"/>
        <nd ref="6778283065"/>
        <nd ref="247412799"/>
        <nd ref="6778283066"/>
        <nd ref="6778383869"/>
        <nd ref="247412734"/>
        <nd ref="247412694"/>
        <nd ref="247412745"/>
        <nd ref="247412695"/>
        <nd ref="6778283067"/>
        <nd ref="247412710"/>
        <nd ref="301367579"/>
        <nd ref="247412805"/>
        <nd ref="247412753"/>
        <nd ref="247412754"/>
        <nd ref="1219827019"/>
        <nd ref="1219824081"/>
        <nd ref="8430134850"/>
        <nd ref="247412735"/>
        <nd ref="247412752"/>
        <nd ref="247412781"/>
        <nd ref="247412755"/>
        <nd ref="247412803"/>
        <nd ref="247412770"/>
        <tag k="bicycle" v="yes"/>
        <tag k="highway" v="secondary"/>
        <tag k="ref" v="11"/>
        <tag k="smoothness" v="intermediate"/>
        <tag k="surface" v="asphalt"/>
    </way>
</osm>